[    0.000000] Initializing cgroup subsys cpuset
[    0.000000] Initializing cgroup subsys cpu
[    0.000000] Initializing cgroup subsys cpuacct
[    0.000000] Linux version 4.4.0-62-generic (buildd@lcy01-30) (gcc version 5.4.0 20160609 (Ubuntu 5.4.0-6ubuntu1~16.04.4) ) #83-Ubuntu SMP Wed Jan 18 14:10:15 UTC 2017 (Ubuntu 4.4.0-62.83-generic 4.4.40)
[    0.000000] Command line: BOOT_IMAGE=/boot/vmlinuz-4.4.0-62-generic root=LABEL=cloudimg-rootfs ro console=tty1 console=ttyS0
[    0.000000] KERNEL supported cpus:
[    0.000000]   Intel GenuineIntel
[    0.000000]   AMD AuthenticAMD
[    0.000000]   Centaur CentaurHauls
[    0.000000] x86/fpu: xstate_offset[2]:  576, xstate_sizes[2]:  256
[    0.000000] x86/fpu: Supporting XSAVE feature 0x01: 'x87 floating point registers'
[    0.000000] x86/fpu: Supporting XSAVE feature 0x02: 'SSE registers'
[    0.000000] x86/fpu: Supporting XSAVE feature 0x04: 'AVX registers'
[    0.000000] x86/fpu: Enabled xstate features 0x7, context size is 832 bytes, using 'standard' format.
[    0.000000] x86/fpu: Using 'lazy' FPU context switches.
[    0.000000] e820: BIOS-provided physical RAM map:
[    0.000000] BIOS-e820: [mem 0x0000000000000000-0x000000000009fbff] usable
[    0.000000] BIOS-e820: [mem 0x000000000009fc00-0x000000000009ffff] reserved
[    0.000000] BIOS-e820: [mem 0x00000000000f0000-0x00000000000fffff] reserved
[    0.000000] BIOS-e820: [mem 0x0000000000100000-0x000000003ffeffff] usable
[    0.000000] BIOS-e820: [mem 0x000000003fff0000-0x000000003fffffff] ACPI data
[    0.000000] BIOS-e820: [mem 0x00000000fec00000-0x00000000fec00fff] reserved
[    0.000000] BIOS-e820: [mem 0x00000000fee00000-0x00000000fee00fff] reserved
[    0.000000] BIOS-e820: [mem 0x00000000fffc0000-0x00000000ffffffff] reserved
[    0.000000] NX (Execute Disable) protection: active
[    0.000000] SMBIOS 2.5 present.
[    0.000000] Hypervisor detected: KVM
[    0.000000] e820: last_pfn = 0x3fff0 max_arch_pfn = 0x400000000
[    0.000000] MTRR: Disabled
[    0.000000] x86/PAT: MTRRs disabled, skipping PAT initialization too.
[    0.000000] x86/PAT: Configuration [0-7]: WB  WT  UC- UC  WB  WT  UC- UC  
[    0.000000] CPU MTRRs all blank - virtualized system.
[    0.000000] found SMP MP-table at [mem 0x0009fff0-0x0009ffff] mapped at [ffff88000009fff0]
[    0.000000] Scanning 1 areas for low memory corruption
[    0.000000] RAMDISK: [mem 0x36b5e000-0x375a6fff]
[    0.000000] ACPI: Early table checksum verification disabled
[    0.000000] ACPI: RSDP 0x00000000000E0000 000024 (v02 VBOX  )
[    0.000000] ACPI: XSDT 0x000000003FFF0030 00003C (v01 VBOX   VBOXXSDT 00000001 ASL  00000061)
[    0.000000] ACPI: FACP 0x000000003FFF00F0 0000F4 (v04 VBOX   VBOXFACP 00000001 ASL  00000061)
[    0.000000] ACPI: DSDT 0x000000003FFF0470 00210F (v01 VBOX   VBOXBIOS 00000002 INTL 20100528)
[    0.000000] ACPI: FACS 0x000000003FFF0200 000040
[    0.000000] ACPI: FACS 0x000000003FFF0200 000040
[    0.000000] ACPI: APIC 0x000000003FFF0240 00005C (v02 VBOX   VBOXAPIC 00000001 ASL  00000061)
[    0.000000] ACPI: SSDT 0x000000003FFF02A0 0001CC (v01 VBOX   VBOXCPUT 00000002 INTL 20100528)
[    0.000000] No NUMA configuration found
[    0.000000] Faking a node at [mem 0x0000000000000000-0x000000003ffeffff]
[    0.000000] NODE_DATA(0) allocated [mem 0x3ffeb000-0x3ffeffff]
[    0.000000] kvm-clock: Using msrs 4b564d01 and 4b564d00
[    0.000000] kvm-clock: cpu 0, msr 0:3ffe3001, primary cpu clock
[    0.000000] kvm-clock: using sched offset of 4013096954 cycles
[    0.000000] clocksource: kvm-clock: mask: 0xffffffffffffffff max_cycles: 0x1cd42e4dffb, max_idle_ns: 881590591483 ns
[    0.000000] Zone ranges:
[    0.000000]   DMA      [mem 0x0000000000001000-0x0000000000ffffff]
[    0.000000]   DMA32    [mem 0x0000000001000000-0x000000003ffeffff]
[    0.000000]   Normal   empty
[    0.000000]   Device   empty
[    0.000000] Movable zone start for each node
[    0.000000] Early memory node ranges
[    0.000000]   node   0: [mem 0x0000000000001000-0x000000000009efff]
[    0.000000]   node   0: [mem 0x0000000000100000-0x000000003ffeffff]
[    0.000000] Initmem setup node 0 [mem 0x0000000000001000-0x000000003ffeffff]
[    0.000000] ACPI: PM-Timer IO Port: 0x4008
[    0.000000] IOAPIC[0]: apic_id 2, version 32, address 0xfec00000, GSI 0-23
[    0.000000] ACPI: INT_SRC_OVR (bus 0 bus_irq 0 global_irq 2 dfl dfl)
[    0.000000] ACPI: INT_SRC_OVR (bus 0 bus_irq 9 global_irq 9 high level)
[    0.000000] Using ACPI (MADT) for SMP configuration information
[    0.000000] smpboot: Allowing 2 CPUs, 0 hotplug CPUs
[    0.000000] PM: Registered nosave memory: [mem 0x00000000-0x00000fff]
[    0.000000] PM: Registered nosave memory: [mem 0x0009f000-0x0009ffff]
[    0.000000] PM: Registered nosave memory: [mem 0x000a0000-0x000effff]
[    0.000000] PM: Registered nosave memory: [mem 0x000f0000-0x000fffff]
[    0.000000] e820: [mem 0x40000000-0xfebfffff] available for PCI devices
[    0.000000] Booting paravirtualized kernel on KVM
[    0.000000] clocksource: refined-jiffies: mask: 0xffffffff max_cycles: 0xffffffff, max_idle_ns: 7645519600211568 ns
[    0.000000] setup_percpu: NR_CPUS:512 nr_cpumask_bits:512 nr_cpu_ids:2 nr_node_ids:1
[    0.000000] PERCPU: Embedded 33 pages/cpu @ffff88003fc00000 s98264 r8192 d28712 u1048576
[    0.000000] PV qspinlock hash table entries: 256 (order: 0, 4096 bytes)
[    0.000000] Built 1 zonelists in Node order, mobility grouping on.  Total pages: 257913
[    0.000000] Policy zone: DMA32
[    0.000000] Kernel command line: BOOT_IMAGE=/boot/vmlinuz-4.4.0-62-generic root=LABEL=cloudimg-rootfs ro console=tty1 console=ttyS0
[    0.000000] PID hash table entries: 4096 (order: 3, 32768 bytes)
[    0.000000] Memory: 1002048K/1048120K available (8436K kernel code, 1291K rwdata, 3960K rodata, 1488K init, 1316K bss, 46072K reserved, 0K cma-reserved)
[    0.000000] SLUB: HWalign=64, Order=0-3, MinObjects=0, CPUs=2, Nodes=1
[    0.000000] Hierarchical RCU implementation.
[    0.000000] 	Build-time adjustment of leaf fanout to 64.
[    0.000000] 	RCU restricting CPUs from NR_CPUS=512 to nr_cpu_ids=2.
[    0.000000] RCU: Adjusting geometry for rcu_fanout_leaf=64, nr_cpu_ids=2
[    0.000000] NR_IRQS:33024 nr_irqs:440 16
[    0.000000] Console: colour VGA+ 80x25
[    0.000000] console [tty1] enabled
[    0.000000] console [ttyS0] enabled
[    0.000000] tsc: Detected 2593.994 MHz processor
[    1.652901] Calibrating delay loop (skipped) preset value.. 5187.98 BogoMIPS (lpj=10375976)
[    1.654773] pid_max: default: 32768 minimum: 301
[    1.655785] ACPI: Core revision 20150930
[    1.657679] ACPI: 2 ACPI AML tables successfully acquired and loaded
[    1.661371] Security Framework initialized
[    1.662540] Yama: becoming mindful.
[    1.663575] AppArmor: AppArmor initialized
[    1.664924] Dentry cache hash table entries: 131072 (order: 8, 1048576 bytes)
[    1.666885] Inode-cache hash table entries: 65536 (order: 7, 524288 bytes)
[    1.674035] Mount-cache hash table entries: 2048 (order: 2, 16384 bytes)
[    1.675661] Mountpoint-cache hash table entries: 2048 (order: 2, 16384 bytes)
[    1.677634] Initializing cgroup subsys io
[    1.678757] Initializing cgroup subsys memory
[    1.680057] Initializing cgroup subsys devices
[    1.681791] Initializing cgroup subsys freezer
[    1.684190] Initializing cgroup subsys net_cls
[    1.691965] Initializing cgroup subsys perf_event
[    1.692971] Initializing cgroup subsys net_prio
[    1.694014] Initializing cgroup subsys hugetlb
[    1.724687] Initializing cgroup subsys pids
[    1.751417] CPU: Physical Processor ID: 0
[    1.763065] CPU: Processor Core ID: 0
[    1.769633] mce: CPU supports 0 MCE banks
[    1.782117] Last level iTLB entries: 4KB 1024, 2MB 1024, 4MB 1024
[    1.783355] Last level dTLB entries: 4KB 1024, 2MB 1024, 4MB 1024, 1GB 4
[    1.816534] Freeing SMP alternatives memory: 32K (ffffffff820b8000 - ffffffff820c0000)
[    1.854171] ftrace: allocating 32065 entries in 126 pages
[    1.927856] smpboot: APIC(0) Converting physical 0 to logical package 0
[    1.968622] smpboot: Max logical packages: 1
[    1.992974] x2apic enabled
[    2.003727] Switched APIC routing to physical x2apic.
[    2.006829] ..TIMER: vector=0x30 apic1=0 pin1=2 apic2=-1 pin2=-1
[    2.135796] smpboot: CPU0: Intel(R) Core(TM) i7-4510U CPU @ 2.00GHz (family: 0x6, model: 0x45, stepping: 0x1)
[    2.164064] Performance Events: unsupported p6 CPU model 69 no PMU driver, software events only.
[    2.166082] KVM setup paravirtual spinlock
[    2.167690] x86: Booting SMP configuration:
[    2.201272] .... node  #0, CPUs:      #1
[    2.235193] kvm-clock: cpu 1, msr 0:3ffe3041, secondary cpu clock
[    2.239109] mce: CPU supports 0 MCE banks
[    2.241865] x86: Booted up 1 node, 2 CPUs
[    2.258149] smpboot: Total of 2 processors activated (10375.97 BogoMIPS)
[    2.277376] devtmpfs: initialized
[    2.301898] evm: security.selinux
[    2.324360] evm: security.SMACK64
[    2.328748] evm: security.SMACK64EXEC
[    2.329570] evm: security.SMACK64TRANSMUTE
[    2.352963] evm: security.SMACK64MMAP
[    2.387178] evm: security.ima
[    2.396161] evm: security.capability
[    2.407928] clocksource: jiffies: mask: 0xffffffff max_cycles: 0xffffffff, max_idle_ns: 7645041785100000 ns
[    2.421834] pinctrl core: initialized pinctrl subsystem
[    2.426152] RTC time:  6:24:34, date: 02/04/17
[    2.428807] NET: Registered protocol family 16
[    2.461069] cpuidle: using governor ladder
[    2.505075] cpuidle: using governor menu
[    2.528864] PCCT header not found.
[    2.535119] ACPI: bus type PCI registered
[    2.536043] acpiphp: ACPI Hot Plug PCI Controller Driver version: 0.5
[    2.563304] PCI: Using configuration type 1 for base access
[    2.578076] ACPI: Added _OSI(Module Device)
[    2.607221] ACPI: Added _OSI(Processor Device)
[    2.615841] ACPI: Added _OSI(3.0 _SCP Extensions)
[    2.616889] ACPI: Added _OSI(Processor Aggregator Device)
[    2.618719] ACPI: Executed 1 blocks of module-level executable AML code
[    2.623226] ACPI: Interpreter enabled
[    2.628943] ACPI: (supports S0 S5)
[    2.629950] ACPI: Using IOAPIC for interrupt routing
[    2.631424] PCI: Using host bridge windows from ACPI; if necessary, use "pci=nocrs" and report a bug
[    2.684770] ACPI: PCI Root Bridge [PCI0] (domain 0000 [bus 00-ff])
[    2.696994] acpi PNP0A03:00: _OSC: OS supports [ASPM ClockPM Segments MSI]
[    2.698715] acpi PNP0A03:00: _OSC failed (AE_NOT_FOUND); disabling ASPM
[    2.700318] acpi PNP0A03:00: fail to add MMCONFIG information, can't access extended PCI configuration space under this bridge.
[    2.704518] PCI host bridge to bus 0000:00
[    2.719817] pci_bus 0000:00: root bus resource [io  0x0000-0x0cf7 window]
[    2.724698] pci_bus 0000:00: root bus resource [io  0x0d00-0xffff window]
[    2.730690] pci_bus 0000:00: root bus resource [mem 0x000a0000-0x000bffff window]
[    2.746848] pci_bus 0000:00: root bus resource [mem 0x40000000-0xffdfffff window]
[    2.754645] pci_bus 0000:00: root bus resource [bus 00-ff]
[    2.757466] pci 0000:00:01.1: legacy IDE quirk: reg 0x10: [io  0x01f0-0x01f7]
[    2.763274] pci 0000:00:01.1: legacy IDE quirk: reg 0x14: [io  0x03f6]
[    2.764618] pci 0000:00:01.1: legacy IDE quirk: reg 0x18: [io  0x0170-0x0177]
[    2.766017] pci 0000:00:01.1: legacy IDE quirk: reg 0x1c: [io  0x0376]
[    2.795306] pci 0000:00:07.0: quirk: [io  0x4000-0x403f] claimed by PIIX4 ACPI
[    2.835631] pci 0000:00:07.0: quirk: [io  0x4100-0x410f] claimed by PIIX4 SMB
[    2.854456] ACPI: PCI Interrupt Link [LNKA] (IRQs 5 9 10 *11)
[    2.897551] ACPI: PCI Interrupt Link [LNKB] (IRQs 5 9 10 *11)
[    2.912968] ACPI: PCI Interrupt Link [LNKC] (IRQs 5 9 *10 11)
[    2.918274] ACPI: PCI Interrupt Link [LNKD] (IRQs 5 *9 10 11)
[    2.920719] ACPI: Enabled 2 GPEs in block 00 to 07
[    2.923124] vgaarb: setting as boot device: PCI:0000:00:02.0
[    2.926008] vgaarb: device added: PCI:0000:00:02.0,decodes=io+mem,owns=io+mem,locks=none
[    2.928162] vgaarb: loaded
[    2.929049] vgaarb: bridge control possible 0000:00:02.0
[    2.931277] SCSI subsystem initialized
[    2.941225] ACPI: bus type USB registered
[    2.945884] usbcore: registered new interface driver usbfs
[    2.947198] usbcore: registered new interface driver hub
[    2.958505] usbcore: registered new device driver usb
[    2.960832] PCI: Using ACPI for IRQ routing
[    2.962618] NetLabel: Initializing
[    2.965614] NetLabel:  domain hash size = 128
[    2.968718] NetLabel:  protocols = UNLABELED CIPSOv4
[    2.970742] NetLabel:  unlabeled traffic allowed by default
[    3.000197] amd_nb: Cannot enumerate AMD northbridges
[    3.021406] clocksource: Switched to clocksource kvm-clock
[    3.052870] AppArmor: AppArmor Filesystem Enabled
[    3.055430] pnp: PnP ACPI init
[    3.056981] pnp: PnP ACPI: found 3 devices
[    3.069159] clocksource: acpi_pm: mask: 0xffffff max_cycles: 0xffffff, max_idle_ns: 2085701024 ns
[    3.093606] NET: Registered protocol family 2
[    3.102337] TCP established hash table entries: 8192 (order: 4, 65536 bytes)
[    3.170577] TCP bind hash table entries: 8192 (order: 5, 131072 bytes)
[    3.281019] TCP: Hash tables configured (established 8192 bind 8192)
[    3.311295] UDP hash table entries: 512 (order: 2, 16384 bytes)
[    3.312533] UDP-Lite hash table entries: 512 (order: 2, 16384 bytes)
[    3.344761] NET: Registered protocol family 1
[    3.345745] pci 0000:00:00.0: Limiting direct PCI/PCI transfers
[    3.346961] pci 0000:00:01.0: Activating ISA DMA hang workarounds
[    3.349600] Trying to unpack rootfs image as initramfs...
[    5.502204] Freeing initrd memory: 10532K (ffff880036b5e000 - ffff8800375a7000)
[    5.518721] RAPL PMU detected, API unit is 2^-32 Joules, 4 fixed counters 10737418240 ms ovfl timer
[    5.522818] hw unit of domain pp0-core 2^-0 Joules
[    5.524077] hw unit of domain package 2^-0 Joules
[    5.525156] hw unit of domain dram 2^-0 Joules
[    5.527685] hw unit of domain pp1-gpu 2^-0 Joules
[    5.528766] platform rtc_cmos: registered platform RTC device (no PNP device found)
[    5.530519] Scanning for low memory corruption every 60 seconds
[    5.535202] futex hash table entries: 512 (order: 3, 32768 bytes)
[    5.549100] audit: initializing netlink subsys (disabled)
[    5.552559] audit: type=2000 audit(1486189480.776:1): initialized
[    5.590692] Initialise system trusted keyring
[    5.595598] HugeTLB registered 2 MB page size, pre-allocated 0 pages
[    5.635550] zbud: loaded
[    5.642967] VFS: Disk quotas dquot_6.6.0
[    5.646884] VFS: Dquot-cache hash table entries: 512 (order 0, 4096 bytes)
[    5.648484] squashfs: version 4.0 (2009/01/31) Phillip Lougher
[    5.650011] fuse init (API version 7.23)
[    5.656811] Key type big_key registered
[    5.661998] Allocating IMA MOK and blacklist keyrings.
[    5.664709] Key type asymmetric registered
[    5.667573] Asymmetric key parser 'x509' registered
[    5.668653] Block layer SCSI generic (bsg) driver version 0.4 loaded (major 249)
[    5.670399] io scheduler noop registered
[    5.682765] io scheduler deadline registered (default)
[    5.688284] io scheduler cfq registered
[    5.693003] pci_hotplug: PCI Hot Plug PCI Core version: 0.5
[    5.696173] pciehp: PCI Express Hot Plug Controller Driver version: 0.4
[    5.699112] ACPI: AC Adapter [AC] (on-line)
[    5.710018] input: Power Button as /devices/LNXSYSTM:00/LNXPWRBN:00/input/input0
[    5.736160] ACPI: Power Button [PWRF]
[    5.744355] input: Sleep Button as /devices/LNXSYSTM:00/LNXSLPBN:00/input/input1
[    5.750517] ACPI: Sleep Button [SLPF]
[    5.754894] ACPI: Battery Slot [BAT0] (battery present)
[    5.768990] GHES: HEST is not enabled!
[    5.776931] Serial: 8250/16550 driver, 32 ports, IRQ sharing enabled
[    5.802281] 00:02: ttyS0 at I/O 0x3f8 (irq = 4, base_baud = 115200) is a 16550A
[    5.806984] Linux agpgart interface v0.103
[    5.812017] brd: module loaded
[    5.824603] loop: module loaded
[    5.831762] scsi host0: ata_piix
[    5.837144] scsi host1: ata_piix
[    5.839796] ata1: PATA max UDMA/33 cmd 0x1f0 ctl 0x3f6 bmdma 0xd000 irq 14
[    5.841198] ata2: PATA max UDMA/33 cmd 0x170 ctl 0x376 bmdma 0xd008 irq 15
[    5.849004] libphy: Fixed MDIO Bus: probed
[    5.849975] tun: Universal TUN/TAP device driver, 1.6
[    5.851028] tun: (C) 1999-2004 Max Krasnyansky <maxk@qualcomm.com>
[    5.852305] PPP generic driver version 2.4.2
[    5.853299] ehci_hcd: USB 2.0 'Enhanced' Host Controller (EHCI) Driver
[    5.854686] ehci-pci: EHCI PCI platform driver
[    5.857479] ehci-platform: EHCI generic platform driver
[    5.858810] ohci_hcd: USB 1.1 'Open' Host Controller (OHCI) Driver
[    5.860078] ohci-pci: OHCI PCI platform driver
[    5.885187] ohci-platform: OHCI generic platform driver
[    5.892689] uhci_hcd: USB Universal Host Controller Interface driver
[    5.895086] i8042: PNP: PS/2 Controller [PNP0303:PS2K,PNP0f03:PS2M] at 0x60,0x64 irq 1,12
[    5.897305] serio: i8042 KBD port at 0x60,0x64 irq 1
[    5.900628] serio: i8042 AUX port at 0x60,0x64 irq 12
[    5.926797] mousedev: PS/2 mouse device common for all mice
[    5.931801] input: AT Translated Set 2 keyboard as /devices/platform/i8042/serio0/input/input2
[    5.935667] rtc_cmos rtc_cmos: rtc core: registered rtc_cmos as rtc0
[    5.938080] rtc_cmos rtc_cmos: alarms up to one day, 114 bytes nvram
[    5.941868] i2c /dev entries driver
[    5.942736] device-mapper: uevent: version 1.0.3
[    5.944644] device-mapper: ioctl: 4.34.0-ioctl (2015-10-28) initialised: dm-devel@redhat.com
[    5.948442] ledtrig-cpu: registered to indicate activity on CPUs
[    5.959001] NET: Registered protocol family 10
[    5.963387] NET: Registered protocol family 17
[    5.977927] Key type dns_resolver registered
[    5.979050] microcode: CPU0 sig=0x40651, pf=0x40, revision=0x0
[    5.983847] microcode: CPU1 sig=0x40651, pf=0x40, revision=0x0
[    5.992572] microcode: Microcode Update Driver: v2.01 <tigran@aivazian.fsnet.co.uk>, Peter Oruba
[    5.996403] registered taskstats version 1
[    6.005881] Loading compiled-in X.509 certificates
[    6.013193] Loaded X.509 cert 'Build time autogenerated kernel key: a630254739635d6fdc487c9f0afa5d9a0ff04f04'
[    6.017017] zswap: loaded using pool lzo/zbud
[    6.021686] Key type trusted registered
[    6.030288] Key type encrypted registered
[    6.034626] AppArmor: AppArmor sha1 policy hashing enabled
[    6.036852] ima: No TPM chip found, activating TPM-bypass!
[    6.038063] evm: HMAC attrs: 0x1
[    6.039184]   Magic number: 5:283:417
[    6.040137] rtc_cmos rtc_cmos: setting system clock to 2017-02-04 06:24:38 UTC (1486189478)
[    6.048102] BIOS EDD facility v0.16 2004-Jun-25, 0 devices found
[    6.059627] EDD information not available.
[    6.063698] Freeing unused kernel memory: 1488K (ffffffff81f44000 - ffffffff820b8000)
[    6.067338] Write protecting the kernel read-only data: 14336k
[    6.069080] Freeing unused kernel memory: 1792K (ffff880001840000 - ffff880001a00000)
[    6.071161] Freeing unused kernel memory: 136K (ffff880001dde000 - ffff880001e00000)
Loading, please wait...
starting version[    6.084791] random: systemd-udevd: uninitialized urandom read (16 bytes read, 2 bits of entropy available)
 229
[    6.085605] random: udevadm: uninitialized urandom read (16 bytes read, 2 bits of entropy available)
[    6.085650] random: udevadm: uninitialized urandom read (16 bytes read, 2 bits of entropy available)
[    6.085856] random: udevadm: uninitialized urandom read (16 bytes read, 2 bits of entropy available)
[    6.085918] random: udevadm: uninitialized urandom read (16 bytes read, 2 bits of entropy available)
[    6.085978] random: udevadm: uninitialized urandom read (16 bytes read, 2 bits of entropy available)
[    6.086040] random: udevadm: uninitialized urandom read (16 bytes read, 2 bits of entropy available)
[    6.086099] random: udevadm: uninitialized urandom read (16 bytes read, 2 bits of entropy available)
[    6.086182] random: udevadm: uninitialized urandom read (16 bytes read, 2 bits of entropy available)
[    6.086243] random: udevadm: uninitialized urandom read (16 bytes read, 2 bits of entropy available)
[    6.142112] e1000: Intel(R) PRO/1000 Network Driver - version 7.3.21-k8-NAPI
[    6.152545] e1000: Copyright (c) 1999-2006 Intel Corporation.
[    6.166063] Fusion MPT base driver 3.04.20
[    6.179203] Copyright (c) 1999-2008 LSI Corporation
[    6.231678] AVX version of gcm_enc/dec engaged.
[    6.238645] AES CTR mode by8 optimization enabled
[    6.287986] Fusion MPT SPI Host driver 3.04.20
[    6.402376] input: ImExPS/2 Generic Explorer Mouse as /devices/platform/i8042/serio1/input/input4
[    6.528788] tsc: Refined TSC clocksource calibration: 2594.961 MHz
[    6.531448] clocksource: tsc: mask: 0xffffffffffffffff max_cycles: 0x2567a3e5b98, max_idle_ns: 440795293224 ns
[    6.613780] e1000 0000:00:03.0 eth0: (PCI:33MHz:32-bit) 02:50:fb:47:1b:48
[    6.640600] e1000 0000:00:03.0 eth0: Intel(R) PRO/1000 Network Connection
[    7.022776] e1000 0000:00:08.0 eth1: (PCI:33MHz:32-bit) 08:00:27:5d:71:61
[    7.075801] e1000 0000:00:08.0 eth1: Intel(R) PRO/1000 Network Connection
[    7.142256] mptbase: ioc0: Initiating bringup
[    7.142997] e1000 0000:00:03.0 enp0s3: renamed from eth0
[    7.157798] e1000 0000:00:08.0 enp0s8: renamed from eth1
[    7.226058] ioc0: LSI53C1030 A0: Capabilities={Initiator}
[    7.407482] scsi host2: ioc0: LSI53C1030 A0, FwRev=00000000h, Ports=1, MaxQ=256, IRQ=20
[    7.538108] scsi 2:0:0:0: Direct-Access     VBOX     HARDDISK         1.0  PQ: 0 ANSI: 5
[    7.552969] scsi target2:0:0: Beginning Domain Validation
[    7.581724] scsi target2:0:0: Domain Validation skipping write tests
[    7.604780] scsi target2:0:0: Ending Domain Validation
[    7.636709] scsi target2:0:0: asynchronous
[    7.656505] scsi 2:0:1:0: Direct-Access     VBOX     HARDDISK         1.0  PQ: 0 ANSI: 5
[    7.747641] scsi target2:0:1: Beginning Domain Validation
[    7.749514] scsi target2:0:1: Domain Validation skipping write tests
[    7.763513] scsi target2:0:1: Ending Domain Validation
[    7.764643] scsi target2:0:1: asynchronous
[    7.771737] sd 2:0:0:0: Attached scsi generic sg0 type 0
[    7.775739] sd 2:0:0:0: [sda] 20971520 512-byte logical blocks: (10.7 GB/10.0 GiB)
[    7.779276] sd 2:0:1:0: Attached scsi generic sg1 type 0
[    7.786220] sd 2:0:0:0: [sda] Write Protect is off
[    7.814347] sd 2:0:1:0: [sdb] 20480 512-byte logical blocks: (10.5 MB/10.0 MiB)
[    7.817239] sd 2:0:0:0: [sda] Incomplete mode parameter data
[    7.820811] sd 2:0:0:0: [sda] Assuming drive cache: write through
[    7.821629] sd 2:0:1:0: [sdb] Write Protect is off
[    7.821720] sd 2:0:1:0: [sdb] Incomplete mode parameter data
[    7.821721] sd 2:0:1:0: [sdb] Assuming drive cache: write through
[    7.877845]  sda: sda1
[    7.878882] sd 2:0:1:0: [sdb] Attached SCSI disk
[    7.884015] sd 2:0:0:0: [sda] Attached SCSI disk
[    9.248010] floppy0: no floppy controllers found
Begin: Loading e[   10.808061] md: linear personality registered for level -1
ssential drivers ... [   10.814186] md: multipath personality registered for level -4
[   10.820458] md: raid0 personality registered for level 0
[   10.829222] md: raid1 personality registered for level 1
[   10.902050] raid6: sse2x1   gen()  6571 MB/s
[   11.005806] raid6: sse2x1   xor()  5726 MB/s
[   11.085422] raid6: sse2x2   gen()  8479 MB/s
[   11.161579] raid6: sse2x2   xor()  6696 MB/s
[   11.229462] raid6: sse2x4   gen()  8787 MB/s
[   11.305841] raid6: sse2x4   xor()  6695 MB/s
[   11.318618] raid6: using algorithm sse2x4 gen() 8787 MB/s
[   11.319746] raid6: .... xor() 6695 MB/s, rmw enabled
[   11.320798] raid6: using ssse3x2 recovery algorithm
[   11.323486] xor: automatically using best checksumming function:
[   11.373726]    avx       : 18891.000 MB/sec
[   11.399841] async_tx: api initialized (async)
[   11.409741] md: raid6 personality registered for level 6
[   11.412830] md: raid5 personality registered for level 5
[   11.431184] md: raid4 personality registered for level 4
[   11.441241] md: raid10 personality registered for level 10
done.
Begin: Running /scripts/init-premount ... done.
Begin: Mounting root file system ... Begin: Running /scripts/local-top ... done.
Begin: Running /scripts/local-premount ... [   11.482958] Btrfs loaded
Scanning for Btrfs filesystems
done.
Warning: fsck not present, so skipping root file system
[   11.591646] EXT4-fs (sda1): mounted filesystem with ordered data mode. Opts: (null)
done.
Begin: Running /scripts/local-bottom ... done.
Begin: Running /scripts/init-bottom ... done.
[   12.310665] systemd[1]: systemd 229 running in system mode. (+PAM +AUDIT +SELINUX +IMA +APPARMOR +SMACK +SYSVINIT +UTMP +LIBCRYPTSETUP +GCRYPT +GNUTLS +ACL +XZ -LZ4 +SECCOMP +BLKID +ELFUTILS +KMOD -IDN)
[   12.331007] systemd[1]: Detected virtualization oracle.
[   12.333426] systemd[1]: Detected architecture x86-64.

Welcome to [1mUbuntu 16.04.1 LTS[0m!

[   12.405060] systemd[1]: Set hostname to <ubuntu>.
[   12.428206] systemd[1]: Initializing machine ID from random generator.
[   12.439449] systemd[1]: Installed transient /etc/machine-id file.
[   12.480178] random: nonblocking pool is initialized
[   12.881221] systemd[1]: Listening on udev Control Socket.
[[0;32m  OK  [0m] Listening on udev Control Socket.
[   12.906619] systemd[1]: Reached target Encrypted Volumes.
[[0;32m  OK  [0m] Reached target Encrypted Volumes.
[   13.060591] systemd[1]: Listening on Journal Audit Socket.
[[0;32m  OK  [0m] Listening on Journal Audit Socket.
[   13.112332] systemd[1]: Listening on udev Kernel Socket.
[[0;32m  OK  [0m] Listening on udev Kernel Socket.
[   13.150090] systemd[1]: Started Forward Password Requests to Wall Directory Watch.
[[0;32m  OK  [0m] Started Forward Password Requests to Wall Directory Watch.
[   13.177687] systemd[1]: Listening on Device-mapper event daemon FIFOs.
[[0;32m  OK  [0m] Listening on Device-mapper event daemon FIFOs.
[   13.246371] systemd[1]: Set up automount Arbitrary Executable File Formats File System Automount Point.
[[0;32m  OK  [0m] Set up automount Arbitrary Executab...ats File System Automount Point.
[   13.253776] systemd[1]: Reached target Swap.
[[0;32m  OK  [0m] Reached target Swap.
[   13.256028] systemd[1]: Listening on Journal Socket (/dev/log).
[[0;32m  OK  [0m] Listening on Journal Socket (/dev/log).
[   13.274364] systemd[1]: Created slice User and Session Slice.
[[0;32m  OK  [0m] Created slice User and Session Slice.
[   13.296054] systemd[1]: Created slice System Slice.
[[0;32m  OK  [0m] Created slice System Slice.
[   13.302664] systemd[1]: Listening on Journal Socket.
[[0;32m  OK  [0m] Listening on Journal Socket.
[   13.346328] systemd[1]: Starting Uncomplicated firewall...
         Starting Uncomplicated firewall...
[   13.355230] systemd[1]: Mounting POSIX Message Queue File System...
         Mounting POSIX Message Queue File System...
[   13.425900] systemd[1]: Starting Create list of required static device nodes for the current kernel...
         Starting Create list of required st... nodes for the current kernel...
[   13.473812] systemd[1]: Mounting Debug File System...
         Mounting Debug File System...
[   13.543023] systemd[1]: Starting Remount Root and Kernel File Systems...
         [   13.569434] EXT4-fs (sda1): re-mounted. Opts: (null)
Starting Remount Root and Kernel File Systems...
[   13.599889] systemd[1]: Listening on LVM2 poll daemon socket.
[[0;32m  OK  [0m] Listening on LVM2 poll daemon socket.
[   13.626621] systemd[1]: Reached target User and Group Name Lookups.
[[0;32m  OK  [0m] Reached target User and Group Name Lookups.
[   13.670075] systemd[1]: Listening on LVM2 metadata daemon socket.
[[0;32m  OK  [0m] Listening on LVM2 metadata daemon socket.
[   13.717615] systemd[1]: Starting Monitoring of LVM2 mirrors, snapshots etc. using dmeventd or progress polling...
         Starting Monitoring of LVM2 mirrors... dmeventd or progress polling...
[   13.751317] systemd[1]: Starting Set console keymap...
         Starting Set console keymap...
[   13.797935] systemd[1]: Starting Nameserver information manager...
         Starting Nameserver information manager...
[   13.806886] systemd[1]: Reached target Slices.
[[0;32m  OK  [0m] Reached target Slices.
[   13.811022] systemd[1]: Created slice system-serial\x2dgetty.slice.
[[0;32m  OK  [0m] Created slice system-serial\x2dgetty.slice.
[   13.816943] systemd[1]: Mounting Huge Pages File System...
         Mounting Huge Pages File System...
[   13.853733] systemd[1]: Starting Load Kernel Modules...
         Starting Load Kernel Modules...
[   13.867907] systemd[1]: Listening on /dev/initctl Compatibility Named Pipe.
[[0;32m  OK  [0m] Listening on /dev/initctl Compatibility Named Pipe.
[   13.872794] systemd[1]: Listening on Syslog Socket.
[[0;32m  OK  [0m] Listening on Syslog Socket.
[   13.877783] systemd[1]: Starting Journal Service...
         Starting Journal Service...
[   13.914371] systemd[1]: Mounted Debug File System.
[[0;32m  OK  [0m] Mounted Debug File System.
[   13.928660] systemd[1]: Mounted POSIX Message Queue File System.
[   13.930803] Loading iSCSI transport class v2.0-870.
[[0;32m  OK  [0m] Mounted POSIX Message Queue File System.
[   13.968179] systemd[1]: Mounted Huge Pages File System.
[[0;32m  OK  [0m] Mounted Huge Pages File System.
[   13.974372] systemd[1]: Started Uncomplicated firewall.
[[0;32m  OK  [0m] Started Uncomplicated firewall.
[   13.995865] systemd[1]: Started Create list of required static device nodes for the current kernel.
[[0;32m  OK  [0m] Started Create list of required [   14.018068] iscsi: registered transport (tcp)
sta...ce nodes for the current kernel.
[   14.023681] systemd[1]: Started Remount Root and Kernel File Systems.
[[0;32m  OK  [0m] Started Remount Root and Kernel File Systems.
[   14.031201] systemd[1]: Started Set console keymap.
[[0;32m  OK  [0m] Started Set console keymap.
[   14.089896] systemd[1]: Started Nameserver information manager.
[[0;32m  OK  [0m] Started Nameserver information manager.
[   14.110906] systemd[1]: Started Journal Service.
[[0;32m  OK  [0m] Started Journal Service.
[   14.179981] iscsi: registered transport (iser)
[[0;32m  OK  [0m] Started Load Kernel Modules.
         Starting Apply Kernel Variables...
         Mounting FUSE Control File System...
[[0;32m  OK  [0m] Started LVM2 metadata daemon.
         Starting udev Coldplug all Devices...
         Starting Load/Save Random Seed...
         Starting Flush Journal to Persistent Storage...
         Starting Initial cloud-init job (pre-networking)...
         Starting Create Static Device Nodes in /dev...
[[0;32m  OK  [0m] Mounted FUSE Control File System.
[[0;32m  OK  [0m] Started Apply Kernel Variables.
[[0;32m  OK  [0m] Started Load/Save Random Seed.
[[0;32m  OK  [0m] Started udev Coldplug all Devices.
[[0;32m  OK  [0m] Started Flush Journal to Persistent Storage.
[[0;32m  OK  [0m] Started Create Static Device Nodes in /dev.
         Starting udev Kernel Device Manager...
[[0;32m  OK  [0m] Started Monitoring of LVM2 mirrors,...ng dmeventd or progress polling.
[[0;32m  OK  [0m] Started udev Kernel Device Manager.
[[0;32m  OK  [0m] Started Dispatch Password Requests to Console Directory Watch.
[[0;32m  OK  [0m] Reached target Local File Systems (Pre).
[[0;32m  OK  [0m] Reached target Local File Systems.
         Starting Set console font and keymap...
         Starting LSB: AppArmor initialization...
         Starting Tell Plymouth To Write Out Runtime Data...
         Starting Commit a transient machine-id on disk...
         Starting Create Volatile Files and Directories...
[[0;32m  OK  [0m] Started Commit a transient machine-id on disk.
[[0;32m  OK  [0m] Found device /dev/ttyS0.
[[0;32m  OK  [0m] Started Tell Plymouth To Write Out Runtime Data.
[[0;32m  OK  [0m] Started Create Volatile Files and Directories.
         Starting Update UTMP about System Boot/Shutdown...
[[0;32m  OK  [0m] Reached target System Time Synchronized.
[[0;32m  OK  [0m] Started Update UTMP about System Boot/Shutdown.
[[0;32m  OK  [0m] Started Set console font and keymap.
[[0;32m  OK  [0m] Created slice system-getty.slice.
[[0;32m  OK  [0m] Listening on Load/Save RF Kill Switch Status /dev/rfkill Watch.
[[0;32m  OK  [0m] Started LSB: AppArmor initialization.
[   16.767694] cloud-init[485]: Cloud-init v. 0.7.8 running 'init-local' at Sat, 04 Feb 2017 06:24:51 +0000. Up 16.08 seconds.
[[0;32m  OK  [0m] Started Initial cloud-init job (pre-networking).
[[0;32m  OK  [0m] Reached target Network (Pre).
         Starting Raise network interfaces...
[[0;32m  OK  [0m] Started Raise network interfaces.
[[0;32m  OK  [0m] Reached target Network.
         Starting Initial cloud-init job (metadata service crawler)...
[   19.605467] cloud-init[1052]: Cloud-init v. 0.7.8 running 'init' at Sat, 04 Feb 2017 06:24:52 +0000. Up 17.52 seconds.
[   19.608861] cloud-init[1052]: ci-info: ++++++++++++++++++++++++++++++++++++++Net device info++++++++++++++++++++++++++++++++++++++
[   19.611250] cloud-init[1052]: ci-info: +--------+-------+----------------------------+---------------+-------+-------------------+
[   19.615060] cloud-init[1052]: ci-info: | Device |   Up  |          Address           |      Mask     | Scope |     Hw-Address    |
[   19.620823] cloud-init[1052]: ci-info: +--------+-------+----------------------------+---------------+-------+-------------------+
[   19.625485] cloud-init[1052]: ci-info: |   lo   |  True |         127.0.0.1          |   255.0.0.0   |   .   |         .         |
[   19.632673] cloud-init[1052]: ci-info: |   lo   |  True |          ::1/128           |       .       |  host |         .         |
[   19.636261] cloud-init[1052]: ci-info: | enp0s8 | False |             .              |       .       |   .   | 08:00:27:5d:71:61 |
[   19.640323] cloud-init[1052]: ci-info: | enp0s3 |  True |         10.0.2.15          | 255.255.255.0 |   .   | 02:50:fb:47:1b:48 |
[   19.644410] cloud-init[1052]: ci-info: | enp0s3 |  True | fe80::50:fbff:fe47:1b48/64 |       .       |  link | 02:50:fb:47:1b:48 |
[   19.648579] cloud-init[1052]: ci-info: +--------+-------+----------------------------+---------------+-------+-------------------+
[   19.652429] cloud-init[1052]: ci-info: +++++++++++++++++++++++++++Route IPv4 info++++++++++++++++++++++++++++
[   19.660501] cloud-init[1052]: ci-info: +-------+-------------+----------+---------------+-----------+-------+
[   19.662435] cloud-init[1052]: ci-info: | Route | Destination | Gateway  |    Genmask    | Interface | Flags |
[   19.666839] cloud-init[1052]: ci-info: +-------+-------------+----------+---------------+-----------+-------+
[   19.674660] cloud-init[1052]: ci-info: |   0   |   0.0.0.0   | 10.0.2.2 |    0.0.0.0    |   enp0s3  |   UG  |
[   19.677969] cloud-init[1052]: ci-info: |   1   |   10.0.2.0  | 0.0.0.0  | 255.255.255.0 |   enp0s3  |   U   |
[   19.691216] cloud-init[1052]: [ci-info: +-------+-------------+----------+---------------+-----------+-------+[0;32m  OK  [0m
] Started Initial cloud-init job (metadata service crawler).
[   19.691656] cloud-init[1052]: Generating public/private rsa key pair.
[   19.725142] cloud-init[1052]: Your identification has been saved in /etc/ssh/ssh_host_rsa_key.
[   19.725405] cloud-init[1052]: Your public key has been saved in /etc/ssh/ssh_host_rsa_key.pub.
[[0;32m  OK  [0m] Reached target System Initialization.
[[   19.725583] cloud-init[1052]: The key fingerprint is:
[   19.891619] cloud-init[1052]: SHA256:EAjIfSfB8DD+Tkfd8f8XZKitqwIRC8vqGAE3P6GsTpY root@ubuntu-xenial
[0;32m  OK  [0m] Started Timer to automatically refresh installed snaps.
[   19.891749] cloud-init[1052]: The key's randomart image is:
[   20.092439] cloud-init[1052]: +---[RSA 2048]----+
[   20.092764] cloud-init[1052]: |..o=ooo    .     |
[[0;32m  OK  [0m] Listening on D-Bus System Message Bus Socket.
[   20.092944] cloud-init[1052]: |o.+o*= o. . o .  |
[   20.211086] cloud-init[1052]: |.o.=+o*. . . o o |
[   20.211432] cloud-init[1052]: |. oo+o..    o +  |
[   20.211601] cloud-init[1052]: | oo  +..S  . . o |
[   20.211770] cloud-init[1052]: |oE  o..     .   o|
[   20.211962] cloud-init[1052]: |*.   ..    .    o|
[   20.212304] cloud-init[1052]: |.o     .    .   .|
[   20.212467] cloud-init[1052]: |        ....     |
[   20.212644] cloud-init[1052]: +----[SHA256]-----+
         Starting LXD - unix socket.
[   20.213022] cloud-init[1052]: Generating public/private dsa key pair.
[   20.393835] cloud-init[1052]: Your identification has been saved in /etc/ssh/ssh_host_dsa_key.
[[0;32m  OK  [0m] Started Trigger resolvconf update for networkd DNS.
[   20.394093] cloud-init[1052]: Your public key has been saved in /etc/ssh/ssh_host_dsa_key.pub.
[   20.487962] cloud-init[1052]: The key fingerprint is:
[[0;32m  OK  [0m] Started Daily Cleanup of Temporary Directories.
[[   20.488124] cloud-init[1052]: SHA256:uhbwHApJxBLmY79lnsAzbiW9mW6OVBt46Zfr47jgEcM root@ubuntu-xenial
[   20.641408] cloud-init[1052]: The key's randomart image is:
[   20.641526] cloud-init[1052]: +---[DSA 1024]----+
[   20.641692] cloud-init[1052]: |.=.              |
[   20.641894] cloud-init[1052]: |+ o              |
[   20.642046] cloud-init[1052]: | * .             |
[   20.642219] cloud-init[1052]: |. B + o          |
[   20.642580] cloud-init[1052]: |   E # .S        |
[   20.642755] cloud-init[1052]: |  . ^ @..        |
[   20.643114] cloud-init[1052]: |   B O.+         |
[   20.643284] cloud-init[1052]: |  + =.+o.        |
[   20.643647] cloud-init[1052]: |   oo*=+.        |
[   20.643820] cloud-init[1052]: +----[SHA256]-----+
[   20.644557] cloud-init[1052]: Generating public/private ecdsa key pair.
[   20.644725] cloud-init[1052]: Your identification has been saved in /etc/ssh/ssh_host_ecdsa_key.
[0;32m  OK  [0m] Started Daily apt activities.
[   20.645207] cloud-init[1052]: Your public key has been saved in /etc/ssh/ssh_host_ecdsa_key.pub.
[   20.742815] cloud-init[1052]: The key fingerprint is:
[[0;32m  OK  [0m] Reached target Timers.
[   20.742938] cloud-init[1052]: SHA256:NY+01OEuG2mvHzVvVGSnxZxUgE97PqPY7l0XBMAYAc4 root@ubuntu-xenial
[   20.811422] cloud-init[1052]: The key's randomart image is:
[[0;32m  OK  [0m] Listening on ACPID Listen Socket.
[   20.811541] cloud-init[1052]: +---[ECDSA 256]---+
[   20.842237] cloud-init[1052]: |       ..o=.ooo=O|
[[0;32m  OK  [0m[   20.842389] ] cloud-initListening on UUID daemon activation socket.[1052]: 
|      o  . +..o*+|
[   20.842427] cloud-init[1052]: |       E  = oo.o.|
[   20.980762] cloud-init[1052]: |         + B  + o|
[   20.981105] cloud-init[1052]: |        S B o o+.|
[[0;32m  OK  [0m] Started ACPI Events Check.
[   20.981268] cloud-init[1052]: |         . = . *o|
[   21.007723] cloud-init[1052]: |          . = . B|
[[0;32m  OK  [0m] Reached target Paths.
         Starting Socket activation for snappy daemon.
[   21.007904] cloud-init[1052]: |           o +..o|
[   21.140687] cloud-init[1052]: |          ..+o . |
[   21.141024] cloud-init[1052]: +----[SHA256]-----+
[   21.141193] cloud-init[1052]: Generating public/private ed25519 key pair.
[   21.141362] cloud-init[1052]: Your identification has been saved in /etc/ssh/ssh_host_ed25519_key.
[   21.141544] cloud-init[1052]: Your public key has been saved in /etc/ssh/ssh_host_ed25519_key.pub.
[   21.141705] cloud-init[1052]: The key fingerprint is:
[   21.141874] cloud-init[1052]: SHA256:DEua0gkqdxlrFcMJoulqQpHZX8LY79MQtMVSfqCefGc root@ubuntu-xenial
[[0;32m  OK  [0m] Reached target Cloud-config availability.
[[   21.142065] cloud-init[1052]: The key's randomart image is:
[   21.220832] cloud-init[1052]: +--[ED25519 256]--+
[   21.220944] cloud-init[1052]: |  . .oooo+       |
[0;32m  OK  [0m] Reached target Network is Online.
[   21.221108] cloud-init[1052]: | o+.+ ++=..      |
[   21.293052] cloud-init[1052]: |o+.o.++=.. .     |
[   21.297491] cloud-init[1052]: |...o.X*+o .      |
[   21.297848] cloud-init[1052]: |ooo X..*S. E     |
[   21.298028] cloud-init[1052]: |+. +  . + o      |
[   21.298211] cloud-init[1052]: |o.     o .       |
[   21.298421] cloud-init[1052]: |o       .        |
[   21.298837] cloud-init[1052]: |                 |
[   21.298960] cloud-init[1052]: +----[SHA256]-----+
         Starting iSCSI initiator daemon (iscsid)...
[[0;32m  OK  [0m] Listening on LXD - unix socket.
[[0;32m  OK  [0m] Listening on Socket activation for snappy daemon.
[[0;32m  OK  [0m] Reached target Sockets.
[[0;32m  OK  [0m] Reached target Basic System.
         Starting System Logging Service...
         Starting Accounts Service...
         Starting LSB: MD monitoring daemon...
         Starting Pollinate to seed the pseudo random number generator...
[[0;32m  OK  [0m] Started D-Bus System Message Bus.
[[0;32m  OK  [0m] Started ACPI event daemon.
         Starting /etc/rc.local Compatibility...
         Starting LSB: Record successful boot for GRUB...
[[0;32m  OK  [0m] Started Regular background program processing daemon.
         Starting Login Service...
[[0;32m  OK  [0m] Started FUSE filesystem for LXC.
[[0;32m  OK  [0m] Started Snappy daemon.
         Starting Auto import assertions from block devices...
         Starting Apply the settings specified in cloud-config...
[[0;32m  OK  [0m] Started Deferred execution scheduler.
         Starting LXD - container startup/shutdown...
[[0;32m  OK  [0m] Started System Logging Service.
[[0;32m  OK  [0m] Started iSCSI initiator daemon (iscsid).
[[0;32m  OK  [0m] Started /etc/rc.local Compatibility.
[[0;32m  OK  [0m] Started Auto import assertions from block devices.
         Starting Authenticate and Authorize Users to Run Privileged Tasks...
         Starting Login to default iSCSI targets...
[[0;32m  OK  [0m] Started LSB: Record successful boot for GRUB.
[[0;32m  OK  [0m] Started Login Service.
[[0;32m  OK  [0m] Started LSB: MD monitoring daemon.
[[0;32m  OK  [0m] Started Authenticate and Authorize Users to Run Privileged Tasks.
[[0;32m  OK  [0m] Started Accounts Service.
[[0;32m  OK  [0m] Started Login to default iSCSI targets.
[[0;32m  OK  [0m] Reached target Remote File Systems (Pre).
[[0;32m  OK  [0m] Reached target Remote File Systems.
         Starting LSB: Set the CPU Frequency Scaling governor to "ondemand"...
[   23.067281] cloud-init[1225]: Generating locales (this might take a while)...
         Starting LSB: VirtualBox Linux Additions...
         Starting LSB: daemon to balance interrupts for SMP systems...
         Starting LSB: automatic crash report generation...
         Starting Permit User Sessions...
[[0;32m  OK  [0m] Started LSB: Set the CPU Frequency Scaling governor to "ondemand".
[[0;32m  OK  [0m] Started Permit User Sessions.
         Starting Terminate Plymouth Boot Screen...
         Starting Hold until boot process finishes up...
[[0;32m  OK  [0m] Started Terminate Plymouth Boot Screen.
[[0;32m  OK  [0m] Started Hold until boot process finishes up.
[[0;32m  OK  [0m] Started LSB: automatic crash report generation.
[[0;32m  OK  [0m] Started Serial Getty on ttyS0.
         Starting Set console scheme...
[[0;32m  OK  [0m] Started Getty on tty1.
[[0;32m  OK  [0m] Reached target Login Prompts.
[[0;32m  OK  [0m] Started LSB: daemon to balance interrupts for SMP systems.
[[0;32m  OK  [0m] Started Set console scheme.
[[0;32m  OK  [0m] Started LSB: VirtualBox Linux Additions.
[[0;32m  OK  [0m] Started LXD - container startup/shutdown.
[   25.515517] cloud-init[1225]:   en_US.UTF-8... done
[   25.544477] cloud-init[1225]: Generation complete.
[[0;32m  OK  [0m] Started Pollinate to seed the pseudo random number generator.
         Starting OpenBSD Secure Shell server...
[[0;32m  OK  [0m] Started OpenBSD Secure Shell server.
[[0;32m  OK  [0m] Reached target Multi-User System.
[[0;32m  OK  [0m] Reached target Graphical Interface.
         Starting Update UTMP about System Runlevel Changes...
[[0;32m  OK  [0m] Started Update UTMP about System Runlevel Changes.
         Stopping OpenBSD Secure Shell server...
[[0;32m  OK  [0m] Stopped OpenBSD Secure Shell server.
         Starting OpenBSD Secure Shell server...
[[0;32m  OK  [0m] Started OpenBSD Secure Shell server.
[   27.650784] cloud-init[1225]: Cloud-init v. 0.7.8 running 'modules:config' at Sat, 04 Feb 2017 06:24:57 +0000. Up 22.51 seconds.
[[0;32m  OK  [0m] Started Apply the settings specified in cloud-config.
         Starting Execute cloud user/final scripts...
ci-info: no authorized ssh keys fingerprints found for user ubuntu.
<14>Feb  4 06:25:03 ec2: 
<14>Feb  4 06:25:03 ec2: #############################################################
<14>Feb  4 06:25:03 ec2: -----BEGIN SSH HOST KEY FINGERPRINTS-----
<14>Feb  4 06:25:03 ec2: 1024 SHA256:uhbwHApJxBLmY79lnsAzbiW9mW6OVBt46Zfr47jgEcM root@ubuntu-xenial (DSA)
<14>Feb  4 06:25:03 ec2: 256 SHA256:NY+01OEuG2mvHzVvVGSnxZxUgE97PqPY7l0XBMAYAc4 root@ubuntu-xenial (ECDSA)
<14>Feb  4 06:25:03 ec2: 256 SHA256:DEua0gkqdxlrFcMJoulqQpHZX8LY79MQtMVSfqCefGc root@ubuntu-xenial (ED25519)
<14>Feb  4 06:25:03 ec2: 2048 SHA256:EAjIfSfB8DD+Tkfd8f8XZKitqwIRC8vqGAE3P6GsTpY root@ubuntu-xenial (RSA)
<14>Feb  4 06:25:03 ec2: -----END SSH HOST KEY FINGERPRINTS-----
<14>Feb  4 06:25:03 ec2: #############################################################
-----BEGIN SSH HOST KEY KEYS-----
ecdsa-sha2-nistp256 AAAAE2VjZHNhLXNoYTItbmlzdHAyNTYAAAAIbmlzdHAyNTYAAABBBLGSExdaugtb/UNKxipiXIbweSYHa8UUaa8rkSiI3nD3Ojt8HmvenXbSwodmI1TZfchdLdeg9Od69S7rYcAhy4k= root@ubuntu-xenial
ssh-ed25519 AAAAC3NzaC1lZDI1NTE5AAAAILbVDAWAzU23RHS7MS6nSbUQoAKmFvrrKCkn+EqXjpTJ root@ubuntu-xenial
ssh-rsa AAAAB3NzaC1yc2EAAAADAQABAAABAQDDmwcFKKhJ3rqU00ntTYsyHCR0b2MRCf3VRztdYSFjYRA3GN9bkEwSdLrXG8RcXG0JaYWuPl1rSODOijQNqggtpbrQzj0IjjvJHx0RebX9URQFgCBMDwlsdwUqnnSWw/s5vzllM5zBRaBSzTdayMwAfZnCjK6h6xupbOPCQ4vwKdz26Su6qdsu6Nhx4G+j0gFi8DRCTwYX5aTeRYJifgFeApUUrBAcogTo5XooblGcTi9xSxZNl4NaVtauzXosC1tia2yLZAu0z0mpBjaU9px/5VzKzg5ULTP86zZsgwIGUOXqMR8ZMw4N8wbkDocjmwyYrH+bVi40RZwyn/KzEfxl root@ubuntu-xenial
-----END SSH HOST KEY KEYS-----
[   28.438084] cloud-init[1486]: Cloud-init v. 0.7.8 running 'modules:final' at Sat, 04 Feb 2017 06:25:03 +0000. Up 28.15 seconds.
[   28.438265] cloud-init[1486]: ci-info: no authorized ssh keys fingerprints found for user ubuntu.
[   28.438511] cloud-init[1486]: Cloud-init v. 0.7.8 finished at Sat, 04 Feb 2017 06:25:03 +0000. Datasource DataSourceNoCloud [seed=/dev/sdb][dsmode=net].  Up 28.42 seconds

Ubuntu 16.04.1 LTS ubuntu-xenial ttyS0

ubuntu-xenial login: 